<?xml version="1.0" encoding="UTF-8"?>
<testsuite name="ExamTest" tests="129" skipped="0" failures="0" errors="0" timestamp="2023-05-29T02:55:18" hostname="AFRZL" time="15.255">
  <properties/>
  <testcase name="Latihan 1" classname="ExamTest" time="0.012"/>
  <testcase name="Latihan 1" classname="ExamTest" time="0.001"/>
  <testcase name="Latihan 1" classname="ExamTest" time="0.0"/>
  <testcase name="Latihan 1" classname="ExamTest" time="0.001"/>
  <testcase name="Latihan 1" classname="ExamTest" time="0.001"/>
  <testcase name="Latihan 1" classname="ExamTest" time="0.0"/>
  <testcase name="Latihan 1" classname="ExamTest" time="0.001"/>
  <testcase name="Latihan 1" classname="ExamTest" time="0.001"/>
  <testcase name="Latihan 1" classname="ExamTest" time="0.001"/>
  <testcase name="Latihan 1" classname="ExamTest" time="0.0"/>
  <testcase name="Latihan 1" classname="ExamTest" time="0.001"/>
  <testcase name="Latihan 1" classname="ExamTest" time="0.001"/>
  <testcase name="Latihan 1" classname="ExamTest" time="0.0"/>
  <testcase name="Latihan 1" classname="ExamTest" time="0.001"/>
  <testcase name="Latihan 1" classname="ExamTest" time="0.0"/>
  <testcase name="Latihan 1" classname="ExamTest" time="0.001"/>
  <testcase name="Latihan 1" classname="ExamTest" time="0.0"/>
  <testcase name="Latihan 1" classname="ExamTest" time="0.001"/>
  <testcase name="Latihan 1" classname="ExamTest" time="0.001"/>
  <testcase name="Latihan 1" classname="ExamTest" time="0.001"/>
  <testcase name="Latihan 1" classname="ExamTest" time="0.001"/>
  <testcase name="Latihan 1" classname="ExamTest" time="0.001"/>
  <testcase name="Latihan 1" classname="ExamTest" time="0.0"/>
  <testcase name="Latihan 1" classname="ExamTest" time="0.001"/>
  <testcase name="Latihan 1" classname="ExamTest" time="0.001"/>
  <testcase name="Latihan 1" classname="ExamTest" time="0.001"/>
  <testcase name="Latihan 1" classname="ExamTest" time="0.001"/>
  <testcase name="Latihan 1" classname="ExamTest" time="0.001"/>
  <testcase name="Latihan 1" classname="ExamTest" time="0.001"/>
  <testcase name="Latihan 1" classname="ExamTest" time="0.001"/>
  <testcase name="Latihan 1" classname="ExamTest" time="0.001"/>
  <testcase name="Latihan 1" classname="ExamTest" time="0.001"/>
  <testcase name="Latihan 1" classname="ExamTest" time="0.001"/>
  <testcase name="Latihan 1" classname="ExamTest" time="0.002"/>
  <testcase name="Latihan 1" classname="ExamTest" time="0.0"/>
  <testcase name="Latihan 1" classname="ExamTest" time="0.001"/>
  <testcase name="Latihan 1" classname="ExamTest" time="0.002"/>
  <testcase name="Latihan 1" classname="ExamTest" time="0.0"/>
  <testcase name="Latihan 1" classname="ExamTest" time="0.0"/>
  <testcase name="Latihan 1" classname="ExamTest" time="0.0"/>
  <testcase name="Latihan 1" classname="ExamTest" time="0.0"/>
  <testcase name="Latihan 1" classname="ExamTest" time="0.001"/>
  <testcase name="Latihan 1" classname="ExamTest" time="0.0"/>
  <testcase name="Latihan 1" classname="ExamTest" time="0.001"/>
  <testcase name="Latihan 1" classname="ExamTest" time="0.001"/>
  <testcase name="Latihan 1" classname="ExamTest" time="0.001"/>
  <testcase name="Latihan 1" classname="ExamTest" time="0.001"/>
  <testcase name="Latihan 1" classname="ExamTest" time="0.0"/>
  <testcase name="Latihan 1" classname="ExamTest" time="0.0"/>
  <testcase name="Latihan 1" classname="ExamTest" time="0.001"/>
  <testcase name="Latihan 1" classname="ExamTest" time="0.0"/>
  <testcase name="Latihan 1" classname="ExamTest" time="0.0"/>
  <testcase name="Latihan 1" classname="ExamTest" time="0.001"/>
  <testcase name="Latihan 1" classname="ExamTest" time="0.001"/>
  <testcase name="Latihan 1" classname="ExamTest" time="0.001"/>
  <testcase name="Latihan 1" classname="ExamTest" time="0.003"/>
  <testcase name="Latihan 1" classname="ExamTest" time="0.0"/>
  <testcase name="Latihan 1" classname="ExamTest" time="0.0"/>
  <testcase name="Latihan 1" classname="ExamTest" time="0.0"/>
  <testcase name="Latihan 1" classname="ExamTest" time="0.001"/>
  <testcase name="Latihan 1" classname="ExamTest" time="0.001"/>
  <testcase name="Latihan 1" classname="ExamTest" time="0.001"/>
  <testcase name="Latihan 1" classname="ExamTest" time="0.001"/>
  <testcase name="Latihan 1" classname="ExamTest" time="0.002"/>
  <testcase name="Latihan 1" classname="ExamTest" time="0.001"/>
  <testcase name="Latihan 1" classname="ExamTest" time="0.001"/>
  <testcase name="Latihan 1" classname="ExamTest" time="0.0"/>
  <testcase name="Latihan 1" classname="ExamTest" time="0.001"/>
  <testcase name="Latihan 1" classname="ExamTest" time="0.0"/>
  <testcase name="Latihan 1" classname="ExamTest" time="0.0"/>
  <testcase name="Latihan 1" classname="ExamTest" time="0.001"/>
  <testcase name="Latihan 1" classname="ExamTest" time="0.0"/>
  <testcase name="Latihan 1" classname="ExamTest" time="0.0"/>
  <testcase name="Latihan 1" classname="ExamTest" time="0.001"/>
  <testcase name="Latihan 1" classname="ExamTest" time="0.001"/>
  <testcase name="Latihan 1" classname="ExamTest" time="0.001"/>
  <testcase name="Latihan 1" classname="ExamTest" time="0.001"/>
  <testcase name="Latihan 1" classname="ExamTest" time="0.0"/>
  <testcase name="Latihan 1" classname="ExamTest" time="0.0"/>
  <testcase name="Latihan 1" classname="ExamTest" time="0.0"/>
  <testcase name="Latihan 1" classname="ExamTest" time="0.001"/>
  <testcase name="Latihan 1" classname="ExamTest" time="0.0"/>
  <testcase name="Latihan 1" classname="ExamTest" time="0.0"/>
  <testcase name="Latihan 1" classname="ExamTest" time="0.0"/>
  <testcase name="Latihan 1" classname="ExamTest" time="0.001"/>
  <testcase name="Latihan 1" classname="ExamTest" time="0.001"/>
  <testcase name="Latihan 1" classname="ExamTest" time="0.0"/>
  <testcase name="Latihan 1" classname="ExamTest" time="0.0"/>
  <testcase name="Latihan 1" classname="ExamTest" time="0.0"/>
  <testcase name="Latihan 1" classname="ExamTest" time="0.001"/>
  <testcase name="Latihan 1" classname="ExamTest" time="0.0"/>
  <testcase name="Latihan 1" classname="ExamTest" time="0.0"/>
  <testcase name="Latihan 1" classname="ExamTest" time="0.0"/>
  <testcase name="Latihan 1" classname="ExamTest" time="0.001"/>
  <testcase name="Latihan 1" classname="ExamTest" time="0.0"/>
  <testcase name="Latihan 1" classname="ExamTest" time="0.001"/>
  <testcase name="Latihan 1" classname="ExamTest" time="0.001"/>
  <testcase name="Latihan 1" classname="ExamTest" time="0.001"/>
  <testcase name="Latihan 1" classname="ExamTest" time="0.0"/>
  <testcase name="Latihan 1" classname="ExamTest" time="0.001"/>
  <testcase name="Latihan 1" classname="ExamTest" time="0.001"/>
  <testcase name="Latihan 1" classname="ExamTest" time="0.001"/>
  <testcase name="Latihan 1" classname="ExamTest" time="0.0"/>
  <testcase name="Latihan 1" classname="ExamTest" time="0.001"/>
  <testcase name="Latihan 1" classname="ExamTest" time="0.001"/>
  <testcase name="Latihan 1" classname="ExamTest" time="0.0"/>
  <testcase name="Latihan 1" classname="ExamTest" time="0.0"/>
  <testcase name="Latihan 1" classname="ExamTest" time="0.0"/>
  <testcase name="Latihan 1" classname="ExamTest" time="0.001"/>
  <testcase name="Latihan 1" classname="ExamTest" time="0.0"/>
  <testcase name="Latihan 1" classname="ExamTest" time="0.001"/>
  <testcase name="Latihan 2" classname="ExamTest" time="0.001"/>
  <testcase name="Latihan 2" classname="ExamTest" time="0.001"/>
  <testcase name="Latihan 2" classname="ExamTest" time="0.001"/>
  <testcase name="Latihan 3" classname="ExamTest" time="0.001"/>
  <testcase name="Latihan 3" classname="ExamTest" time="0.0"/>
  <testcase name="Latihan 3" classname="ExamTest" time="0.001"/>
  <testcase name="Latihan 3" classname="ExamTest" time="0.0"/>
  <testcase name="Latihan 3" classname="ExamTest" time="0.0"/>
  <testcase name="Latihan 4" classname="ExamTest" time="0.002"/>
  <testcase name="Latihan 4" classname="ExamTest" time="0.001"/>
  <testcase name="Latihan 4" classname="ExamTest" time="0.001"/>
  <testcase name="Latihan 4" classname="ExamTest" time="0.001"/>
  <testcase name="Latihan 5" classname="ExamTest" time="3.009"/>
  <testcase name="Latihan 5" classname="ExamTest" time="3.012"/>
  <testcase name="Latihan 5" classname="ExamTest" time="3.016"/>
  <testcase name="Latihan 5" classname="ExamTest" time="2.002"/>
  <testcase name="Latihan 5" classname="ExamTest" time="2.02"/>
  <testcase name="Latihan 5" classname="ExamTest" time="2.006"/>
  <system-out><![CDATA[]]></system-out>
  <system-err><![CDATA[]]></system-err>
</testsuite>
